#
# There is insufficient memory for the Java Runtime Environment to continue.
# Native memory allocation (mmap) failed to map 536870912 bytes for G1 virtual space
# Possible reasons:
#   The system is out of physical RAM or swap space
#   The process is running with CompressedOops enabled, and the Java Heap may be blocking the growth of the native heap
# Possible solutions:
#   Reduce memory load on the system
#   Increase physical memory or swap space
#   Check if swap backing store is full
#   Decrease Java heap size (-Xmx/-Xms)
#   Decrease number of Java threads
#   Decrease Java thread stack sizes (-Xss)
#   Set larger code cache with -XX:ReservedCodeCacheSize=
#   JVM is running with Zero Based Compressed Oops mode in which the Java heap is
#     placed in the first 32GB address space. The Java Heap base address is the
#     maximum limit for the native heap growth. Please use -XX:HeapBaseMinAddress
#     to set the Java Heap base and to place the Java Heap above 32GB virtual address.
# This output file may be truncated or incomplete.
#
#  Out of Memory Error (os_windows.cpp:3557), pid=14760, tid=14740
#
# JRE version:  (17.0.6+10) (build )
# Java VM: OpenJDK 64-Bit Server VM (17.0.6+10-LTS, mixed mode, sharing, tiered, compressed oops, compressed class ptrs, g1 gc, windows-amd64)
# No core dump will be written. Minidumps are not enabled by default on client versions of Windows
#

---------------  S U M M A R Y ------------

Command Line: -javaagent:C:\Program Files\JetBrains\IntelliJ IDEA Community Edition 2023.1\lib\idea_rt.jar=62142:C:\Program Files\JetBrains\IntelliJ IDEA Community Edition 2023.1\bin -Dfile.encoding=UTF-8 com.coloronme.AdminApplication

Host: Intel(R) Core(TM) i7-9700 CPU @ 3.00GHz, 8 cores, 31G,  Windows 10 , 64 bit Build 19041 (10.0.19041.3570)
Time: Wed Nov 15 16:32:46 2023  Windows 10 , 64 bit Build 19041 (10.0.19041.3570) elapsed time: 0.020785 seconds (0d 0h 0m 0s)

---------------  T H R E A D  ---------------

Current thread (0x000002dc5a7c0be0):  JavaThread "Unknown thread" [_thread_in_vm, id=14740, stack(0x000000fd56100000,0x000000fd56200000)]

Stack: [0x000000fd56100000,0x000000fd56200000]
Native frames: (J=compiled Java code, j=interpreted, Vv=VM code, C=native code)
V  [jvm.dll+0x64b39a]
V  [jvm.dll+0x7ff044]
V  [jvm.dll+0x8007fe]
V  [jvm.dll+0x800e53]
V  [jvm.dll+0x235848]
V  [jvm.dll+0x6482fa]
V  [jvm.dll+0x63ca0a]
V  [jvm.dll+0x2f3d59]
V  [jvm.dll+0x2faee6]
V  [jvm.dll+0x34755a]
V  [jvm.dll+0x34779f]
V  [jvm.dll+0x2ca128]
V  [jvm.dll+0x2cb0b9]
V  [jvm.dll+0x7d2751]
V  [jvm.dll+0x354a21]
V  [jvm.dll+0x7b2c9e]
V  [jvm.dll+0x3d16c3]
V  [jvm.dll+0x3d30c1]
C  [jli.dll+0x519f]
C  [ucrtbase.dll+0x21bb2]
C  [KERNEL32.DLL+0x17344]
C  [ntdll.dll+0x526b1]


---------------  P R O C E S S  ---------------

Threads class SMR info:
_java_thread_list=0x00007fff18e6b858, length=0, elements={
}

Java Threads: ( => current thread )

Other Threads:
  0x000002dc5a86d990 GCTaskThread "GC Thread#0" [stack: 0x000000fd56200000,0x000000fd56300000] [id=21240]
  0x000002dc5a87e520 ConcurrentGCThread "G1 Main Marker" [stack: 0x000000fd56300000,0x000000fd56400000] [id=5956]
  0x000002dc7c4e0820 ConcurrentGCThread "G1 Conc#0" [stack: 0x000000fd56400000,0x000000fd56500000] [id=44640]

[error occurred during error reporting (printing all threads), id 0xc0000005, EXCEPTION_ACCESS_VIOLATION (0xc0000005) at pc=0x00007fff1865b387]

VM state: not at safepoint (not fully initialized)

VM Mutex/Monitor currently owned by a thread:  ([mutex/lock_event])
[0x000002dc5a7bca30] Heap_lock - owner thread: 0x000002dc5a7c0be0

Heap address: 0x0000000603800000, size: 8136 MB, Compressed Oops mode: Zero based, Oop shift amount: 3

CDS archive(s) mapped at: [0x0000000000000000-0x0000000000000000-0x0000000000000000), size 0, SharedBaseAddress: 0x0000000800000000, ArchiveRelocationMode: 0.
Narrow klass base: 0x0000000000000000, Narrow klass shift: 0, Narrow klass range: 0x0

GC Precious Log:
<Empty>

Heap:
 garbage-first heap   total 0K, used 0K [0x0000000603800000, 0x0000000800000000)
  region size 4096K, 0 young (0K), 0 survivors (0K)

[error occurred during error reporting (printing heap information), id 0xc0000005, EXCEPTION_ACCESS_VIOLATION (0xc0000005) at pc=0x00007fff18a22dd9]

GC Heap History (0 events):
No events

Dll operation events (1 events):
Event: 0.012 Loaded shared library C:\Users\USER\.jdks\corretto-17.0.6\bin\java.dll

Deoptimization events (0 events):
No events

Classes unloaded (0 events):
No events

Classes redefined (0 events):
No events

Internal exceptions (0 events):
No events

VM Operations (0 events):
No events

Events (0 events):
No events


Dynamic libraries:
0x00007ff698050000 - 0x00007ff69805d000 	C:\Users\USER\.jdks\corretto-17.0.6\bin\java.exe
0x00007fff7c0b0000 - 0x00007fff7c2a7000 	C:\Windows\SYSTEM32\ntdll.dll
0x00007fff7a870000 - 0x00007fff7a92d000 	C:\Windows\System32\KERNEL32.DLL
0x00007fff79c50000 - 0x00007fff79f46000 	C:\Windows\System32\KERNELBASE.dll
0x00007fff79ad0000 - 0x00007fff79bd0000 	C:\Windows\System32\ucrtbase.dll
0x00007fff64600000 - 0x00007fff64617000 	C:\Users\USER\.jdks\corretto-17.0.6\bin\jli.dll
0x00007fff5dd10000 - 0x00007fff5dd25000 	C:\Users\USER\.jdks\corretto-17.0.6\bin\VCRUNTIME140.dll
0x00007fff7aae0000 - 0x00007fff7ac7e000 	C:\Windows\System32\USER32.dll
0x00007fff79800000 - 0x00007fff79822000 	C:\Windows\System32\win32u.dll
0x00007fff7c040000 - 0x00007fff7c06c000 	C:\Windows\System32\GDI32.dll
0x00007fff79f50000 - 0x00007fff7a06a000 	C:\Windows\System32\gdi32full.dll
0x00007fff7a070000 - 0x00007fff7a10d000 	C:\Windows\System32\msvcp_win.dll
0x00007fff78b70000 - 0x00007fff78e0a000 	C:\Windows\WinSxS\amd64_microsoft.windows.common-controls_6595b64144ccf1df_6.0.19041.3570_none_60bb2a3971f3e41a\COMCTL32.dll
0x00007fff7a990000 - 0x00007fff7aa2e000 	C:\Windows\System32\msvcrt.dll
0x00007fff7b1a0000 - 0x00007fff7b1d0000 	C:\Windows\System32\IMM32.DLL
0x00007fff3fe40000 - 0x00007fff3fedb000 	C:\Users\USER\.jdks\corretto-17.0.6\bin\msvcp140.dll
0x00007fff18380000 - 0x00007fff18f98000 	C:\Users\USER\.jdks\corretto-17.0.6\bin\server\jvm.dll
0x00007fff7b560000 - 0x00007fff7b60e000 	C:\Windows\System32\ADVAPI32.dll
0x00007fff7b250000 - 0x00007fff7b2ec000 	C:\Windows\System32\sechost.dll
0x00007fff7b970000 - 0x00007fff7ba96000 	C:\Windows\System32\RPCRT4.dll
0x00007fff57a10000 - 0x00007fff57a19000 	C:\Windows\SYSTEM32\WSOCK32.dll
0x00007fff5f930000 - 0x00007fff5f957000 	C:\Windows\SYSTEM32\WINMM.dll
0x00007fff74090000 - 0x00007fff7409a000 	C:\Windows\SYSTEM32\VERSION.dll
0x00007fff7ac90000 - 0x00007fff7acfb000 	C:\Windows\System32\WS2_32.dll
0x00007fff76fa0000 - 0x00007fff76fb2000 	C:\Windows\SYSTEM32\kernel.appcore.dll
0x00007fff646b0000 - 0x00007fff646ba000 	C:\Users\USER\.jdks\corretto-17.0.6\bin\jimage.dll
0x00007fff791a0000 - 0x00007fff79384000 	C:\Windows\SYSTEM32\DBGHELP.DLL
0x00007fff790e0000 - 0x00007fff79114000 	C:\Windows\SYSTEM32\dbgcore.DLL
0x00007fff79830000 - 0x00007fff798b2000 	C:\Windows\System32\bcryptPrimitives.dll
0x00007fff79180000 - 0x00007fff7918e000 	C:\Users\USER\.jdks\corretto-17.0.6\bin\instrument.dll
0x00007fff57120000 - 0x00007fff57145000 	C:\Users\USER\.jdks\corretto-17.0.6\bin\java.dll

dbghelp: loaded successfully - version: 4.0.5 - missing functions: none
symbol engine: initialized successfully - sym options: 0x614 - pdb path: .;C:\Users\USER\.jdks\corretto-17.0.6\bin;C:\Windows\SYSTEM32;C:\Windows\WinSxS\amd64_microsoft.windows.common-controls_6595b64144ccf1df_6.0.19041.3570_none_60bb2a3971f3e41a;C:\Users\USER\.jdks\corretto-17.0.6\bin\server

VM Arguments:
jvm_args: -javaagent:C:\Program Files\JetBrains\IntelliJ IDEA Community Edition 2023.1\lib\idea_rt.jar=62142:C:\Program Files\JetBrains\IntelliJ IDEA Community Edition 2023.1\bin -Dfile.encoding=UTF-8 
java_command: com.coloronme.AdminApplication
java_class_path (initial): C:\Users\USER\Desktop\coloronme\admin-coloronme\out\production\classes;C:\Users\USER\Desktop\coloronme\admin-coloronme\out\production\resources;C:\Users\USER\.gradle\caches\modules-2\files-2.1\org.springframework.boot\spring-boot-starter-data-jpa\3.1.2\a37d54373b11d2de70dfb8bcd6612dc63787f4a8\spring-boot-starter-data-jpa-3.1.2.jar;C:\Users\USER\.gradle\caches\modules-2\files-2.1\org.springframework.boot\spring-boot-starter-jdbc\3.1.2\e864f6a34d620e7e698c115881ea23b08f7125e9\spring-boot-starter-jdbc-3.1.2.jar;C:\Users\USER\.gradle\caches\modules-2\files-2.1\org.springframework.boot\spring-boot-starter-web\3.1.2\30b824817e764a5a5a1e9fb46e7ace40bcfa3185\spring-boot-starter-web-3.1.2.jar;C:\Users\USER\.gradle\caches\modules-2\files-2.1\org.springframework.boot\spring-boot-starter-security\3.1.2\f51204b86f626c2a7f0d41f88e8e3bd86091dd1d\spring-boot-starter-security-3.1.2.jar;C:\Users\USER\.gradle\caches\modules-2\files-2.1\org.springframework.boot\spring-boot-starter-validation\3.1.2\1e2f4bdd1913af954d3a929e692807cb3a19b0b4\spring-boot-starter-validation-3.1.2.jar;C:\Users\USER\.gradle\caches\modules-2\files-2.1\io.jsonwebtoken\jjwt-api\0.11.2\57c34dce3e88f2972c5c5465b6291acfb5628084\jjwt-api-0.11.2.jar;C:\Users\USER\.gradle\caches\modules-2\files-2.1\io.springfox\springfox-boot-starter\3.0.0\5486365e263f8acca014b97efa50c3419d58e8f6\springfox-boot-starter-3.0.0.jar;C:\Users\USER\.gradle\caches\modules-2\files-2.1\io.springfox\springfox-swagger-ui\2.4.0\1205fbe70fbbcf6c87b3059a45772e56d8ce6615\springfox-swagger-ui-2.4.0.jar;C:\Users\USER\.gradle\caches\modules-2\files-2.1\org.springframework.boot\spring-boot-starter-aop\3.1.2\e882bf8c8853807a8e69cce9465ec12233fb5437\spring-boot-starter-aop-3.1.2.jar;C:\Users\USER\.gradle\caches\modules-2\files-2.1\org.hibernate.orm\hibernate-core\6.2.6.Final\9c4586a4a2dc721439ee454d5c858c1235b6ecba\hibernate-core-6.2.6.Final.jar;C:\Users\USER\.gradle\caches\modules-2\files-2.1\org.springframework.data\spring-da
Launcher Type: SUN_STANDARD

[Global flags]
     intx CICompilerCount                          = 4                                         {product} {ergonomic}
     uint ConcGCThreads                            = 2                                         {product} {ergonomic}
     uint G1ConcRefinementThreads                  = 8                                         {product} {ergonomic}
   size_t G1HeapRegionSize                         = 4194304                                   {product} {ergonomic}
    uintx GCDrainStackTargetSize                   = 64                                        {product} {ergonomic}
   size_t InitialHeapSize                          = 536870912                                 {product} {ergonomic}
   size_t MarkStackSize                            = 4194304                                   {product} {ergonomic}
   size_t MaxHeapSize                              = 8531214336                                {product} {ergonomic}
   size_t MinHeapDeltaBytes                        = 4194304                                   {product} {ergonomic}
   size_t MinHeapSize                              = 8388608                                   {product} {ergonomic}
    uintx NonNMethodCodeHeapSize                   = 5839372                                {pd product} {ergonomic}
    uintx NonProfiledCodeHeapSize                  = 122909434                              {pd product} {ergonomic}
    uintx ProfiledCodeHeapSize                     = 122909434                              {pd product} {ergonomic}
    uintx ReservedCodeCacheSize                    = 251658240                              {pd product} {ergonomic}
     bool SegmentedCodeCache                       = true                                      {product} {ergonomic}
   size_t SoftMaxHeapSize                          = 8531214336                             {manageable} {ergonomic}
     bool UseCompressedClassPointers               = true                           {product lp64_product} {ergonomic}
     bool UseCompressedOops                        = true                           {product lp64_product} {ergonomic}
     bool UseG1GC                                  = true                                      {product} {ergonomic}
     bool UseLargePagesIndividualAllocation        = false                                  {pd product} {ergonomic}

Logging:
Log output configuration:
 #0: stdout all=warning uptime,level,tags
 #1: stderr all=off uptime,level,tags

Environment Variables:
JAVA_HOME=C:\Program Files\Java\jdk1.8.0_351
CLASSPATH=.;C:\Program Files\Java\jdk1.8.0_351\lib\tools.jar
PATH=C:\Windows\system32;C:\Windows;C:\Windows\System32\Wbem;C:\Windows\System32\WindowsPowerShell\v1.0\;C:\Windows\System32\OpenSSH\;C:\Program Files\Common Files\Autodesk Shared\;C:\Program Files\Microsoft SQL Server\120\Tools\Binn\;C:\Program Files\Java\jdk1.8.0_351\bin;C:\Program Files\Git\cmd;C:\Program Files\nodejs\;C:\Users\USER\AppData\Local\Programs\Python\Python37;C:\Users\USER\AppData\Local\Programs\Python\Python37\Scripts;C:\Program Files\Bandizip\;;C:\Program Files\Docker\Docker\resources\bin;C:\Python3\Scripts\;C:\Python3\;C:\Users\USER\AppData\Local\Microsoft\WindowsApps;;C:\Users\USER\AppData\Local\Programs\Microsoft VS Code\bin;C:\Users\USER\AppData\Roaming\npm;C:\Program Files\JetBrains\IntelliJ IDEA 2023.1\bin;;C:\Program Files\JetBrains\PyCharm Community Edition 2023.1\bin;;C:\Program Files\JetBrains\IntelliJ IDEA Community Edition 2023.1\bin;
USERNAME=BIM
OS=Windows_NT
PROCESSOR_IDENTIFIER=Intel64 Family 6 Model 158 Stepping 13, GenuineIntel
TMP=C:\Users\USER\AppData\Local\Temp
TEMP=C:\Users\USER\AppData\Local\Temp



---------------  S Y S T E M  ---------------

OS:
 Windows 10 , 64 bit Build 19041 (10.0.19041.3570)
OS uptime: 7 days 8:11 hours
Hyper-V role detected

CPU: total 8 (initial active 8) (8 cores per cpu, 1 threads per core) family 6 model 158 stepping 13 microcode 0xec, cx8, cmov, fxsr, mmx, 3dnowpref, sse, sse2, sse3, ssse3, sse4.1, sse4.2, popcnt, lzcnt, tsc, tscinvbit, avx, avx2, aes, erms, clmul, bmi1, bmi2, adx, fma, vzeroupper, clflush, clflushopt, hv

Memory: 4k page, system-wide physical 32542M (14257M free)
TotalPageFile size 42468M (AvailPageFile size 512M)
current process WorkingSet (physical memory assigned to process): 11M, peak: 11M
current process commit charge ("private bytes"): 60M, peak: 572M

vm_info: OpenJDK 64-Bit Server VM (17.0.6+10-LTS) for windows-amd64 JRE (17.0.6+10-LTS), built on Jan 13 2023 22:57:04 by "Administrator" with MS VC++ 15.9 (VS2017)

END.
