03-Nov-2023 20:36:01.560 INFO [main] org.apache.catalina.startup.VersionLoggerListener.log 서버 버전 이름:    Apache Tomcat/9.0.80
03-Nov-2023 20:36:01.562 INFO [main] org.apache.catalina.startup.VersionLoggerListener.log Server 빌드 시각:  Aug 23 2023 21:59:38 UTC
03-Nov-2023 20:36:01.562 INFO [main] org.apache.catalina.startup.VersionLoggerListener.log Server 버전 번호:  9.0.80.0
03-Nov-2023 20:36:01.562 INFO [main] org.apache.catalina.startup.VersionLoggerListener.log 운영체제 이름:     Mac OS X
03-Nov-2023 20:36:01.562 INFO [main] org.apache.catalina.startup.VersionLoggerListener.log 운영체제 버전:     14.1
03-Nov-2023 20:36:01.562 INFO [main] org.apache.catalina.startup.VersionLoggerListener.log 아키텍처:          aarch64
03-Nov-2023 20:36:01.563 INFO [main] org.apache.catalina.startup.VersionLoggerListener.log 자바 홈:           /Library/Java/JavaVirtualMachines/jdk-17.jdk/Contents/Home
03-Nov-2023 20:36:01.563 INFO [main] org.apache.catalina.startup.VersionLoggerListener.log JVM 버전:          17.0.6+9-LTS-190
03-Nov-2023 20:36:01.563 INFO [main] org.apache.catalina.startup.VersionLoggerListener.log JVM 벤더:          Oracle Corporation
03-Nov-2023 20:36:01.563 INFO [main] org.apache.catalina.startup.VersionLoggerListener.log CATALINA_BASE:     /Users/4ir/Desktop/coloronme/admin-coloronme/src/main/java
03-Nov-2023 20:36:01.563 INFO [main] org.apache.catalina.startup.VersionLoggerListener.log CATALINA_HOME:     /Users/4ir/devlibrary/apache-tomcat-9.0.80
03-Nov-2023 20:36:01.567 INFO [main] org.apache.catalina.startup.VersionLoggerListener.log 명령 행 아규먼트:  --add-opens=java.base/java.lang=ALL-UNNAMED
03-Nov-2023 20:36:01.567 INFO [main] org.apache.catalina.startup.VersionLoggerListener.log 명령 행 아규먼트:  --add-opens=java.base/java.io=ALL-UNNAMED
03-Nov-2023 20:36:01.567 INFO [main] org.apache.catalina.startup.VersionLoggerListener.log 명령 행 아규먼트:  --add-opens=java.base/java.util=ALL-UNNAMED
03-Nov-2023 20:36:01.567 INFO [main] org.apache.catalina.startup.VersionLoggerListener.log 명령 행 아규먼트:  --add-opens=java.base/java.util.concurrent=ALL-UNNAMED
03-Nov-2023 20:36:01.568 INFO [main] org.apache.catalina.startup.VersionLoggerListener.log 명령 행 아규먼트:  --add-opens=java.rmi/sun.rmi.transport=ALL-UNNAMED
03-Nov-2023 20:36:01.568 INFO [main] org.apache.catalina.startup.VersionLoggerListener.log 명령 행 아규먼트:  -Dcatalina.home=/Users/4ir/devlibrary/apache-tomcat-9.0.80
03-Nov-2023 20:36:01.568 INFO [main] org.apache.catalina.startup.VersionLoggerListener.log 명령 행 아규먼트:  -Dcatalina.base=/Users/4ir/Desktop/coloronme/admin-coloronme/src/main/java
03-Nov-2023 20:36:01.568 INFO [main] org.apache.catalina.startup.VersionLoggerListener.log 명령 행 아규먼트:  -Djava.io.tmpdir=/Users/4ir/Desktop/coloronme/admin-coloronme/src/main/java/temp
03-Nov-2023 20:36:01.568 INFO [main] org.apache.catalina.startup.VersionLoggerListener.log 명령 행 아규먼트:  -Djava.util.logging.config.file=/Users/4ir/Desktop/coloronme/admin-coloronme/src/main/java/conf/logging.properties
03-Nov-2023 20:36:01.568 INFO [main] org.apache.catalina.startup.VersionLoggerListener.log 명령 행 아규먼트:  -Djava.util.logging.manager=org.apache.juli.ClassLoaderLogManager
03-Nov-2023 20:36:01.568 INFO [main] org.apache.catalina.startup.VersionLoggerListener.log 명령 행 아규먼트:  -javaagent:/Applications/IntelliJ IDEA CE.app/Contents/lib/idea_rt.jar=51206:/Applications/IntelliJ IDEA CE.app/Contents/bin
03-Nov-2023 20:36:01.568 INFO [main] org.apache.catalina.startup.VersionLoggerListener.log 명령 행 아규먼트:  -Dfile.encoding=UTF-8
03-Nov-2023 20:36:01.573 INFO [main] org.apache.catalina.core.AprLifecycleListener.lifecycleEvent 프로덕션 환경들에서 최적의 성능을 제공하는, APR 기반 Apache Tomcat Native 라이브러리가, 다음 java.library.path에서 발견되지 않습니다: [/Users/4ir/Library/Java/Extensions:/Library/Java/Extensions:/Network/Library/Java/Extensions:/System/Library/Java/Extensions:/usr/lib/java:.]
03-Nov-2023 20:36:01.707 INFO [main] org.apache.coyote.AbstractProtocol.init 프로토콜 핸들러 ["http-nio-8080"]을(를) 초기화합니다.
03-Nov-2023 20:36:01.717 INFO [main] org.apache.catalina.startup.Catalina.load [274] 밀리초 내에 서버가 초기화되었습니다.
03-Nov-2023 20:36:01.736 INFO [main] org.apache.catalina.core.StandardService.startInternal 서비스 [Catalina]을(를) 시작합니다.
03-Nov-2023 20:36:01.736 INFO [main] org.apache.catalina.core.StandardEngine.startInternal 서버 엔진을 시작합니다: [Apache Tomcat/9.0.80]
03-Nov-2023 20:36:01.740 INFO [main] org.apache.catalina.startup.HostConfig.deployDescriptor 배치 descriptor [/Users/4ir/Desktop/coloronme/admin-coloronme/src/main/java/conf/Catalina/localhost/ROOT.xml]을(를) 배치합니다.
03-Nov-2023 20:36:01.901 INFO [main] org.apache.catalina.startup.HostConfig.deployDescriptor 배치 descriptor [/Users/4ir/Desktop/coloronme/admin-coloronme/src/main/java/conf/Catalina/localhost/ROOT.xml]의 배치가 [161] 밀리초 내에 완료되었습니다.
03-Nov-2023 20:36:01.902 INFO [main] org.apache.coyote.AbstractProtocol.start 프로토콜 핸들러 ["http-nio-8080"]을(를) 시작합니다.
03-Nov-2023 20:36:01.910 INFO [main] org.apache.catalina.startup.Catalina.start 서버가 [192] 밀리초 내에 시작되었습니다.
03-Nov-2023 20:36:11.645 INFO [Thread-1] org.apache.coyote.AbstractProtocol.pause 프로토콜 핸들러 ["http-nio-8080"]을(를) 일시 정지 중
03-Nov-2023 20:36:11.649 INFO [Thread-1] org.apache.catalina.core.StandardService.stopInternal 서비스 [Catalina]을(를) 중지시킵니다.
03-Nov-2023 20:36:11.654 INFO [Thread-1] org.apache.coyote.AbstractProtocol.stop 프로토콜 핸들러 ["http-nio-8080"]을(를) 중지시킵니다.
03-Nov-2023 20:36:11.658 INFO [Thread-1] org.apache.coyote.AbstractProtocol.destroy 프로토콜 핸들러 ["http-nio-8080"]을(를) 소멸시킵니다.
